  application.cpp
  cgra_geometry.cpp
  cgra_gui.cpp
  cgra_mesh.cpp
  cgra_shader.cpp
  main.cpp
E:\My Documents\Compsci Yr5\CGRA251\Ass2\base\work\ext\glm\detail/type_vec2.hpp(45,1): warning C4201:  nonstandard extension used: nameless struct/union (compiling source file E:\My Documents\Compsci Yr5\CGRA251\Ass2\base\work\src\cgra\cgra_geometry.cpp)
E:\My Documents\Compsci Yr5\CGRA251\Ass2\base\work\ext\glm\detail/type_vec2.hpp(205): message :  see reference to class template instantiation 'glm::vec<2,T,P>' being compiled (compiling source file E:\My Documents\Compsci Yr5\CGRA251\Ass2\base\work\src\cgra\cgra_geometry.cpp)
E:\My Documents\Compsci Yr5\CGRA251\Ass2\base\work\ext\glm\detail/type_vec2.hpp(46,1): warning C4201:  nonstandard extension used: nameless struct/union (compiling source file E:\My Documents\Compsci Yr5\CGRA251\Ass2\base\work\src\cgra\cgra_geometry.cpp)
E:\My Documents\Compsci Yr5\CGRA251\Ass2\base\work\ext\glm\detail/type_vec2.hpp(47,1): warning C4201:  nonstandard extension used: nameless struct/union (compiling source file E:\My Documents\Compsci Yr5\CGRA251\Ass2\base\work\src\cgra\cgra_geometry.cpp)
E:\My Documents\Compsci Yr5\CGRA251\Ass2\base\work\ext\glm\detail/type_vec3.hpp(45,1): warning C4201:  nonstandard extension used: nameless struct/union (compiling source file E:\My Documents\Compsci Yr5\CGRA251\Ass2\base\work\src\cgra\cgra_geometry.cpp)
E:\My Documents\Compsci Yr5\CGRA251\Ass2\base\work\ext\glm\detail/type_vec3.hpp(226): message :  see reference to class template instantiation 'glm::vec<3,T,P>' being compiled (compiling source file E:\My Documents\Compsci Yr5\CGRA251\Ass2\base\work\src\cgra\cgra_geometry.cpp)
E:\My Documents\Compsci Yr5\CGRA251\Ass2\base\work\ext\glm\detail/type_vec3.hpp(46,1): warning C4201:  nonstandard extension used: nameless struct/union (compiling source file E:\My Documents\Compsci Yr5\CGRA251\Ass2\base\work\src\cgra\cgra_geometry.cpp)
E:\My Documents\Compsci Yr5\CGRA251\Ass2\base\work\ext\glm\detail/type_vec3.hpp(47,1): warning C4201:  nonstandard extension used: nameless struct/union (compiling source file E:\My Documents\Compsci Yr5\CGRA251\Ass2\base\work\src\cgra\cgra_geometry.cpp)
E:\My Documents\Compsci Yr5\CGRA251\Ass2\base\work\ext\glm\detail/type_vec4.hpp(45,1): warning C4201:  nonstandard extension used: nameless struct/union (compiling source file E:\My Documents\Compsci Yr5\CGRA251\Ass2\base\work\src\cgra\cgra_geometry.cpp)
E:\My Documents\Compsci Yr5\CGRA251\Ass2\base\work\ext\glm\detail/type_vec4.hpp(271): message :  see reference to class template instantiation 'glm::vec<4,T,P>' being compiled (compiling source file E:\My Documents\Compsci Yr5\CGRA251\Ass2\base\work\src\cgra\cgra_geometry.cpp)
E:\My Documents\Compsci Yr5\CGRA251\Ass2\base\work\ext\glm\detail/type_vec4.hpp(46,1): warning C4201:  nonstandard extension used: nameless struct/union (compiling source file E:\My Documents\Compsci Yr5\CGRA251\Ass2\base\work\src\cgra\cgra_geometry.cpp)
E:\My Documents\Compsci Yr5\CGRA251\Ass2\base\work\ext\glm\detail/type_vec4.hpp(47,1): warning C4201:  nonstandard extension used: nameless struct/union (compiling source file E:\My Documents\Compsci Yr5\CGRA251\Ass2\base\work\src\cgra\cgra_geometry.cpp)
E:\My Documents\Compsci Yr5\CGRA251\Ass2\base\work\ext\glm\detail/type_vec2.hpp(45,1): warning C4201:  nonstandard extension used: nameless struct/union (compiling source file E:\My Documents\Compsci Yr5\CGRA251\Ass2\base\work\src\cgra\cgra_mesh.cpp)
E:\My Documents\Compsci Yr5\CGRA251\Ass2\base\work\ext\glm\detail/type_vec2.hpp(205): message :  see reference to class template instantiation 'glm::vec<2,T,P>' being compiled (compiling source file E:\My Documents\Compsci Yr5\CGRA251\Ass2\base\work\src\cgra\cgra_mesh.cpp)
E:\My Documents\Compsci Yr5\CGRA251\Ass2\base\work\ext\glm\detail/type_vec2.hpp(46,1): warning C4201:  nonstandard extension used: nameless struct/union (compiling source file E:\My Documents\Compsci Yr5\CGRA251\Ass2\base\work\src\cgra\cgra_mesh.cpp)
E:\My Documents\Compsci Yr5\CGRA251\Ass2\base\work\ext\glm\detail/type_vec2.hpp(47,1): warning C4201:  nonstandard extension used: nameless struct/union (compiling source file E:\My Documents\Compsci Yr5\CGRA251\Ass2\base\work\src\cgra\cgra_mesh.cpp)
E:\My Documents\Compsci Yr5\CGRA251\Ass2\base\work\ext\glm\detail/type_vec3.hpp(45,1): warning C4201:  nonstandard extension used: nameless struct/union (compiling source file E:\My Documents\Compsci Yr5\CGRA251\Ass2\base\work\src\cgra\cgra_mesh.cpp)
E:\My Documents\Compsci Yr5\CGRA251\Ass2\base\work\ext\glm\detail/type_vec3.hpp(226): message :  see reference to class template instantiation 'glm::vec<3,T,P>' being compiled (compiling source file E:\My Documents\Compsci Yr5\CGRA251\Ass2\base\work\src\cgra\cgra_mesh.cpp)
E:\My Documents\Compsci Yr5\CGRA251\Ass2\base\work\ext\glm\detail/type_vec3.hpp(46,1): warning C4201:  nonstandard extension used: nameless struct/union (compiling source file E:\My Documents\Compsci Yr5\CGRA251\Ass2\base\work\src\cgra\cgra_mesh.cpp)
E:\My Documents\Compsci Yr5\CGRA251\Ass2\base\work\ext\glm\detail/type_vec3.hpp(47,1): warning C4201:  nonstandard extension used: nameless struct/union (compiling source file E:\My Documents\Compsci Yr5\CGRA251\Ass2\base\work\src\cgra\cgra_mesh.cpp)
E:\My Documents\Compsci Yr5\CGRA251\Ass2\base\work\ext\glm\detail/type_vec4.hpp(45,1): warning C4201:  nonstandard extension used: nameless struct/union (compiling source file E:\My Documents\Compsci Yr5\CGRA251\Ass2\base\work\src\cgra\cgra_mesh.cpp)
E:\My Documents\Compsci Yr5\CGRA251\Ass2\base\work\ext\glm\detail/type_vec4.hpp(271): message :  see reference to class template instantiation 'glm::vec<4,T,P>' being compiled (compiling source file E:\My Documents\Compsci Yr5\CGRA251\Ass2\base\work\src\cgra\cgra_mesh.cpp)
E:\My Documents\Compsci Yr5\CGRA251\Ass2\base\work\ext\glm\detail/type_vec4.hpp(46,1): warning C4201:  nonstandard extension used: nameless struct/union (compiling source file E:\My Documents\Compsci Yr5\CGRA251\Ass2\base\work\src\cgra\cgra_mesh.cpp)
E:\My Documents\Compsci Yr5\CGRA251\Ass2\base\work\ext\glm\detail/type_vec4.hpp(47,1): warning C4201:  nonstandard extension used: nameless struct/union (compiling source file E:\My Documents\Compsci Yr5\CGRA251\Ass2\base\work\src\cgra\cgra_mesh.cpp)
E:\My Documents\Compsci Yr5\CGRA251\Ass2\base\work\ext\glm\detail/type_vec2.hpp(45,1): warning C4201:  nonstandard extension used: nameless struct/union (compiling source file E:\My Documents\Compsci Yr5\CGRA251\Ass2\base\work\src\main.cpp)
E:\My Documents\Compsci Yr5\CGRA251\Ass2\base\work\ext\glm\detail/type_vec2.hpp(205): message :  see reference to class template instantiation 'glm::vec<2,T,P>' being compiled (compiling source file E:\My Documents\Compsci Yr5\CGRA251\Ass2\base\work\src\main.cpp)
E:\My Documents\Compsci Yr5\CGRA251\Ass2\base\work\ext\glm\detail/type_vec2.hpp(46,1): warning C4201:  nonstandard extension used: nameless struct/union (compiling source file E:\My Documents\Compsci Yr5\CGRA251\Ass2\base\work\src\main.cpp)
E:\My Documents\Compsci Yr5\CGRA251\Ass2\base\work\ext\glm\detail/type_vec2.hpp(47,1): warning C4201:  nonstandard extension used: nameless struct/union (compiling source file E:\My Documents\Compsci Yr5\CGRA251\Ass2\base\work\src\main.cpp)
E:\My Documents\Compsci Yr5\CGRA251\Ass2\base\work\ext\glm\detail/type_vec3.hpp(45,1): warning C4201:  nonstandard extension used: nameless struct/union (compiling source file E:\My Documents\Compsci Yr5\CGRA251\Ass2\base\work\src\main.cpp)
E:\My Documents\Compsci Yr5\CGRA251\Ass2\base\work\ext\glm\detail/type_vec3.hpp(226): message :  see reference to class template instantiation 'glm::vec<3,T,P>' being compiled (compiling source file E:\My Documents\Compsci Yr5\CGRA251\Ass2\base\work\src\main.cpp)
E:\My Documents\Compsci Yr5\CGRA251\Ass2\base\work\ext\glm\detail/type_vec3.hpp(46,1): warning C4201:  nonstandard extension used: nameless struct/union (compiling source file E:\My Documents\Compsci Yr5\CGRA251\Ass2\base\work\src\main.cpp)
E:\My Documents\Compsci Yr5\CGRA251\Ass2\base\work\ext\glm\detail/type_vec3.hpp(47,1): warning C4201:  nonstandard extension used: nameless struct/union (compiling source file E:\My Documents\Compsci Yr5\CGRA251\Ass2\base\work\src\main.cpp)
E:\My Documents\Compsci Yr5\CGRA251\Ass2\base\work\ext\glm\detail/type_vec4.hpp(45,1): warning C4201:  nonstandard extension used: nameless struct/union (compiling source file E:\My Documents\Compsci Yr5\CGRA251\Ass2\base\work\src\main.cpp)
E:\My Documents\Compsci Yr5\CGRA251\Ass2\base\work\ext\glm\detail/type_vec4.hpp(271): message :  see reference to class template instantiation 'glm::vec<4,T,P>' being compiled (compiling source file E:\My Documents\Compsci Yr5\CGRA251\Ass2\base\work\src\main.cpp)
E:\My Documents\Compsci Yr5\CGRA251\Ass2\base\work\ext\glm\detail/type_vec4.hpp(46,1): warning C4201:  nonstandard extension used: nameless struct/union (compiling source file E:\My Documents\Compsci Yr5\CGRA251\Ass2\base\work\src\main.cpp)
E:\My Documents\Compsci Yr5\CGRA251\Ass2\base\work\ext\glm\detail/type_vec4.hpp(47,1): warning C4201:  nonstandard extension used: nameless struct/union (compiling source file E:\My Documents\Compsci Yr5\CGRA251\Ass2\base\work\src\main.cpp)
E:\My Documents\Compsci Yr5\CGRA251\Ass2\base\work\ext\glm\detail\type_vec4.hpp(45,1): warning C4201:  nonstandard extension used: nameless struct/union (compiling source file E:\My Documents\Compsci Yr5\CGRA251\Ass2\base\work\src\application.cpp)
E:\My Documents\Compsci Yr5\CGRA251\Ass2\base\work\ext\glm\detail\type_vec4.hpp(271): message :  see reference to class template instantiation 'glm::vec<4,T,P>' being compiled (compiling source file E:\My Documents\Compsci Yr5\CGRA251\Ass2\base\work\src\application.cpp)
E:\My Documents\Compsci Yr5\CGRA251\Ass2\base\work\ext\glm\detail\type_vec4.hpp(46,1): warning C4201:  nonstandard extension used: nameless struct/union (compiling source file E:\My Documents\Compsci Yr5\CGRA251\Ass2\base\work\src\application.cpp)
E:\My Documents\Compsci Yr5\CGRA251\Ass2\base\work\ext\glm\detail\type_vec4.hpp(47,1): warning C4201:  nonstandard extension used: nameless struct/union (compiling source file E:\My Documents\Compsci Yr5\CGRA251\Ass2\base\work\src\application.cpp)
E:\My Documents\Compsci Yr5\CGRA251\Ass2\base\work\ext\glm\gtc\../gtc/quaternion.hpp(55,1): warning C4201:  nonstandard extension used: nameless struct/union (compiling source file E:\My Documents\Compsci Yr5\CGRA251\Ass2\base\work\src\cgra\cgra_geometry.cpp)
E:\My Documents\Compsci Yr5\CGRA251\Ass2\base\work\ext\glm\gtc\../gtc/quaternion.hpp(130): message :  see reference to class template instantiation 'glm::tquat<T,P>' being compiled (compiling source file E:\My Documents\Compsci Yr5\CGRA251\Ass2\base\work\src\cgra\cgra_geometry.cpp)
E:\My Documents\Compsci Yr5\CGRA251\Ass2\base\work\ext\glm\detail/type_vec2.hpp(45,1): warning C4201:  nonstandard extension used: nameless struct/union (compiling source file E:\My Documents\Compsci Yr5\CGRA251\Ass2\base\work\src\application.cpp)
E:\My Documents\Compsci Yr5\CGRA251\Ass2\base\work\ext\glm\detail/type_vec2.hpp(205): message :  see reference to class template instantiation 'glm::vec<2,T,P>' being compiled (compiling source file E:\My Documents\Compsci Yr5\CGRA251\Ass2\base\work\src\application.cpp)
E:\My Documents\Compsci Yr5\CGRA251\Ass2\base\work\ext\glm\detail/type_vec2.hpp(46,1): warning C4201:  nonstandard extension used: nameless struct/union (compiling source file E:\My Documents\Compsci Yr5\CGRA251\Ass2\base\work\src\application.cpp)
E:\My Documents\Compsci Yr5\CGRA251\Ass2\base\work\ext\glm\detail/type_vec2.hpp(47,1): warning C4201:  nonstandard extension used: nameless struct/union (compiling source file E:\My Documents\Compsci Yr5\CGRA251\Ass2\base\work\src\application.cpp)
E:\My Documents\Compsci Yr5\CGRA251\Ass2\base\work\ext\glm\detail/type_vec3.hpp(45,1): warning C4201:  nonstandard extension used: nameless struct/union (compiling source file E:\My Documents\Compsci Yr5\CGRA251\Ass2\base\work\src\application.cpp)
E:\My Documents\Compsci Yr5\CGRA251\Ass2\base\work\ext\glm\detail/type_vec3.hpp(226): message :  see reference to class template instantiation 'glm::vec<3,T,P>' being compiled (compiling source file E:\My Documents\Compsci Yr5\CGRA251\Ass2\base\work\src\application.cpp)
E:\My Documents\Compsci Yr5\CGRA251\Ass2\base\work\ext\glm\detail/type_vec3.hpp(46,1): warning C4201:  nonstandard extension used: nameless struct/union (compiling source file E:\My Documents\Compsci Yr5\CGRA251\Ass2\base\work\src\application.cpp)
E:\My Documents\Compsci Yr5\CGRA251\Ass2\base\work\ext\glm\detail/type_vec3.hpp(47,1): warning C4201:  nonstandard extension used: nameless struct/union (compiling source file E:\My Documents\Compsci Yr5\CGRA251\Ass2\base\work\src\application.cpp)
E:\My Documents\Compsci Yr5\CGRA251\Ass2\base\work\src\cgra\cgra_geometry.cpp(279,3): warning C4305:  'initializing': truncation from 'double' to 'const float'
E:\My Documents\Compsci Yr5\CGRA251\Ass2\base\work\ext\glm\gtc\../gtc/quaternion.hpp(55,1): warning C4201:  nonstandard extension used: nameless struct/union (compiling source file E:\My Documents\Compsci Yr5\CGRA251\Ass2\base\work\src\application.cpp)
E:\My Documents\Compsci Yr5\CGRA251\Ass2\base\work\ext\glm\gtc\../gtc/quaternion.hpp(130): message :  see reference to class template instantiation 'glm::tquat<T,P>' being compiled (compiling source file E:\My Documents\Compsci Yr5\CGRA251\Ass2\base\work\src\application.cpp)
E:\My Documents\Compsci Yr5\CGRA251\Ass2\base\work\src\cgra\cgra_mesh.cpp(72,33): warning C4267:  '=': conversion from 'size_t' to 'int', possible loss of data
E:\My Documents\Compsci Yr5\CGRA251\Ass2\base\work\ext\glm\gtc\../gtc/quaternion.hpp(55,1): warning C4201:  nonstandard extension used: nameless struct/union (compiling source file E:\My Documents\Compsci Yr5\CGRA251\Ass2\base\work\src\main.cpp)
E:\My Documents\Compsci Yr5\CGRA251\Ass2\base\work\ext\glm\gtc\../gtc/quaternion.hpp(130): message :  see reference to class template instantiation 'glm::tquat<T,P>' being compiled (compiling source file E:\My Documents\Compsci Yr5\CGRA251\Ass2\base\work\src\main.cpp)
E:\My Documents\Compsci Yr5\CGRA251\Ass2\base\work\src\cgra\cgra_geometry.cpp(506,3): warning C4305:  'initializing': truncation from 'double' to 'const float'
E:\My Documents\Compsci Yr5\CGRA251\Ass2\base\work\src\cgra\cgra_geometry.cpp(616,3): warning C4305:  'initializing': truncation from 'double' to 'const float'
E:\My Documents\Compsci Yr5\CGRA251\Ass2\base\work\src\application.hpp(42,39): warning C4305:  'initializing': truncation from 'double' to 'float' (compiling source file E:\My Documents\Compsci Yr5\CGRA251\Ass2\base\work\src\main.cpp)
E:\My Documents\Compsci Yr5\CGRA251\Ass2\base\work\src\application.hpp(42,39): warning C4305:  'initializing': truncation from 'double' to 'float' (compiling source file E:\My Documents\Compsci Yr5\CGRA251\Ass2\base\work\src\application.cpp)
E:\My Documents\Compsci Yr5\CGRA251\Ass2\base\work\src\application.cpp(53,22): warning C4305:  '=': truncation from 'double' to 'float'
E:\My Documents\Compsci Yr5\CGRA251\Ass2\base\work\src\application.cpp(151,15): warning C4244:  'initializing': conversion from 'double' to 'float', possible loss of data
E:\My Documents\Compsci Yr5\CGRA251\Ass2\base\work\src\application.cpp(154,17): warning C4244:  'initializing': conversion from 'int' to 'float', possible loss of data
E:\My Documents\Compsci Yr5\CGRA251\Ass2\base\work\src\application.cpp(171,81): warning C4312:  'type cast': conversion from 'GLsizei' to 'void *' of greater size
E:\My Documents\Compsci Yr5\CGRA251\Ass2\base\work\src\application.cpp(173,85): warning C4312:  'type cast': conversion from 'GLsizei' to 'void *' of greater size
E:\My Documents\Compsci Yr5\CGRA251\Ass2\base\work\src\application.cpp(175,85): warning C4312:  'type cast': conversion from 'GLsizei' to 'void *' of greater size
E:\My Documents\Compsci Yr5\CGRA251\Ass2\base\work\src\application.cpp(195,56): warning C4305:  'argument': truncation from 'double' to 'float'
E:\My Documents\Compsci Yr5\CGRA251\Ass2\base\work\src\application.cpp(196,57): warning C4305:  'argument': truncation from 'double' to 'float'
E:\My Documents\Compsci Yr5\CGRA251\Ass2\base\work\src\application.cpp(222,11): warning C4244:  '=': conversion from 'double' to 'float', possible loss of data
E:\My Documents\Compsci Yr5\CGRA251\Ass2\base\work\src\application.cpp(223,11): warning C4244:  '=': conversion from 'double' to 'float', possible loss of data
E:\My Documents\Compsci Yr5\CGRA251\Ass2\base\work\src\application.cpp(227,67): warning C4100:  'mods': unreferenced formal parameter
E:\My Documents\Compsci Yr5\CGRA251\Ass2\base\work\src\application.cpp(236,23): warning C4244:  '+=': conversion from 'double' to 'float', possible loss of data
E:\My Documents\Compsci Yr5\CGRA251\Ass2\base\work\src\application.cpp(235,41): warning C4100:  'xoffset': unreferenced formal parameter
  base.vcxproj -> E:\My Documents\Compsci Yr5\CGRA251\Ass2\base\bin\Debug\base.exe
